20:43:09:164  INFO 90882 --- [main] com.hmall.HMallApplication               : Starting HMallApplication using Java 19.0.2 on yHmbp.local with PID 90882 (/Users/wangyouhua/Documents/codes/Java/hmall/hm-service/target/classes started by wangyouhua in /Users/wangyouhua/Documents/codes/Java/hmall)
20:43:09:166 DEBUG 90882 --- [main] com.hmall.HMallApplication               : Running with Spring Boot v2.7.12, Spring v5.3.27
20:43:09:166  INFO 90882 --- [main] com.hmall.HMallApplication               : The following 1 profile is active: "local"
20:43:09:478  INFO 90882 --- [main] .s.d.r.c.RepositoryConfigurationDelegate : Multiple Spring Data modules found, entering strict repository configuration mode
20:43:09:479  INFO 90882 --- [main] .s.d.r.c.RepositoryConfigurationDelegate : Bootstrapping Spring Data Redis repositories in DEFAULT mode.
20:43:09:490  INFO 90882 --- [main] .s.d.r.c.RepositoryConfigurationDelegate : Finished Spring Data repository scanning in 5 ms. Found 0 Redis repository interfaces.
20:43:09:733  INFO 90882 --- [main] o.s.b.w.embedded.tomcat.TomcatWebServer  : Tomcat initialized with port(s): 8080 (http)
20:43:09:743  INFO 90882 --- [main] o.apache.catalina.core.StandardService   : Starting service [Tomcat]
20:43:09:743  INFO 90882 --- [main] org.apache.catalina.core.StandardEngine  : Starting Servlet engine: [Apache Tomcat/9.0.75]
20:43:09:786  INFO 90882 --- [main] o.a.c.c.C.[Tomcat].[localhost].[/]       : Initializing Spring embedded WebApplicationContext
20:43:09:786  INFO 90882 --- [main] w.s.c.ServletWebServerApplicationContext : Root WebApplicationContext: initialization completed in 582 ms
20:43:10:366  INFO 90882 --- [main] pertySourcedRequestMappingHandlerMapping : Mapped URL path [/v2/api-docs] onto method [springfox.documentation.swagger2.web.Swagger2ControllerWebMvc#getDocumentation(String, HttpServletRequest)]
20:43:10:516  INFO 90882 --- [main] o.s.b.w.embedded.tomcat.TomcatWebServer  : Tomcat started on port(s): 8080 (http) with context path ''
20:43:10:517  INFO 90882 --- [main] d.s.w.p.DocumentationPluginsBootstrapper : Documentation plugins bootstrapped
20:43:10:518  INFO 90882 --- [main] d.s.w.p.DocumentationPluginsBootstrapper : Found 1 custom documentation plugin(s)
20:43:10:527  INFO 90882 --- [main] s.d.s.w.s.ApiListingReferenceScanner     : Scanning for api listing references
20:43:10:594  INFO 90882 --- [main] com.hmall.HMallApplication               : Started HMallApplication in 1.58 seconds (JVM running for 1.865)
20:53:47:035  INFO 95604 --- [main] com.hmall.HMallApplication               : Starting HMallApplication using Java 19.0.2 on yHmbp.local with PID 95604 (/Users/wangyouhua/Documents/codes/Java/hmall/hm-service/target/classes started by wangyouhua in /Users/wangyouhua/Documents/codes/Java/hmall)
20:53:47:036 DEBUG 95604 --- [main] com.hmall.HMallApplication               : Running with Spring Boot v2.7.12, Spring v5.3.27
20:53:47:037  INFO 95604 --- [main] com.hmall.HMallApplication               : The following 1 profile is active: "local"
20:53:47:324  INFO 95604 --- [main] .s.d.r.c.RepositoryConfigurationDelegate : Multiple Spring Data modules found, entering strict repository configuration mode
20:53:47:326  INFO 95604 --- [main] .s.d.r.c.RepositoryConfigurationDelegate : Bootstrapping Spring Data Redis repositories in DEFAULT mode.
20:53:47:337  INFO 95604 --- [main] .s.d.r.c.RepositoryConfigurationDelegate : Finished Spring Data repository scanning in 5 ms. Found 0 Redis repository interfaces.
20:53:47:576  INFO 95604 --- [main] o.s.b.w.embedded.tomcat.TomcatWebServer  : Tomcat initialized with port(s): 8080 (http)
20:53:47:580  INFO 95604 --- [main] o.apache.catalina.core.StandardService   : Starting service [Tomcat]
20:53:47:580  INFO 95604 --- [main] org.apache.catalina.core.StandardEngine  : Starting Servlet engine: [Apache Tomcat/9.0.75]
20:53:47:623  INFO 95604 --- [main] o.a.c.c.C.[Tomcat].[localhost].[/]       : Initializing Spring embedded WebApplicationContext
20:53:47:623  INFO 95604 --- [main] w.s.c.ServletWebServerApplicationContext : Root WebApplicationContext: initialization completed in 569 ms
20:53:48:218  INFO 95604 --- [main] pertySourcedRequestMappingHandlerMapping : Mapped URL path [/v2/api-docs] onto method [springfox.documentation.swagger2.web.Swagger2ControllerWebMvc#getDocumentation(String, HttpServletRequest)]
20:53:48:437  INFO 95604 --- [main] o.s.b.w.embedded.tomcat.TomcatWebServer  : Tomcat started on port(s): 8080 (http) with context path ''
20:53:48:437  INFO 95604 --- [main] d.s.w.p.DocumentationPluginsBootstrapper : Documentation plugins bootstrapped
20:53:48:439  INFO 95604 --- [main] d.s.w.p.DocumentationPluginsBootstrapper : Found 1 custom documentation plugin(s)
20:53:48:449  INFO 95604 --- [main] s.d.s.w.s.ApiListingReferenceScanner     : Scanning for api listing references
20:53:48:517  INFO 95604 --- [main] com.hmall.HMallApplication               : Started HMallApplication in 1.637 seconds (JVM running for 1.888)
